[0.507s] Invoking command in '/home/inteli_kil/ros2_ws_entrega/src/pacote_kil': PYTHONPATH=/home/inteli_kil/ros2_ws_entrega/build/pacote_kil/prefix_override:/home/inteli_kil/ros2_ws_entrega/install/pacote_kil/lib/python3.10/site-packages:${PYTHONPATH} /usr/bin/python3 setup.py egg_info --egg-base ../../build/pacote_kil build --build-base /home/inteli_kil/ros2_ws_entrega/build/pacote_kil/build install --record /home/inteli_kil/ros2_ws_entrega/build/pacote_kil/install.log --single-version-externally-managed
[0.683s] running egg_info
[0.684s] writing ../../build/pacote_kil/pacote_kil.egg-info/PKG-INFO
[0.684s] writing dependency_links to ../../build/pacote_kil/pacote_kil.egg-info/dependency_links.txt
[0.684s] writing entry points to ../../build/pacote_kil/pacote_kil.egg-info/entry_points.txt
[0.684s] writing requirements to ../../build/pacote_kil/pacote_kil.egg-info/requires.txt
[0.685s] writing top-level names to ../../build/pacote_kil/pacote_kil.egg-info/top_level.txt
[0.689s] reading manifest file '../../build/pacote_kil/pacote_kil.egg-info/SOURCES.txt'
[0.690s] writing manifest file '../../build/pacote_kil/pacote_kil.egg-info/SOURCES.txt'
[0.690s] running build
[0.690s] running build_py
[0.690s] copying pacote_kil/__init__.py -> /home/inteli_kil/ros2_ws_entrega/build/pacote_kil/build/lib/pacote_kil
[0.690s] running install
[0.690s] /usr/lib/python3/dist-packages/setuptools/command/install.py:34: SetuptoolsDeprecationWarning: setup.py install is deprecated. Use build and pip and other standards-based tools.
[0.691s]   warnings.warn(
[0.691s] running install_lib
[0.693s] copying /home/inteli_kil/ros2_ws_entrega/build/pacote_kil/build/lib/pacote_kil/__init__.py -> /home/inteli_kil/ros2_ws_entrega/install/pacote_kil/lib/python3.10/site-packages/pacote_kil
[0.693s] byte-compiling /home/inteli_kil/ros2_ws_entrega/install/pacote_kil/lib/python3.10/site-packages/pacote_kil/__init__.py to __init__.cpython-310.pyc
[0.694s] running install_data
[0.695s] running install_egg_info
[0.697s] removing '/home/inteli_kil/ros2_ws_entrega/install/pacote_kil/lib/python3.10/site-packages/pacote_kil-0.0.0-py3.10.egg-info' (and everything under it)
[0.697s] Copying ../../build/pacote_kil/pacote_kil.egg-info to /home/inteli_kil/ros2_ws_entrega/install/pacote_kil/lib/python3.10/site-packages/pacote_kil-0.0.0-py3.10.egg-info
[0.698s] running install_scripts
[0.714s] Installing turtle script to /home/inteli_kil/ros2_ws_entrega/install/pacote_kil/lib/pacote_kil
[0.714s] writing list of installed files to '/home/inteli_kil/ros2_ws_entrega/build/pacote_kil/install.log'
[0.735s] Invoked command in '/home/inteli_kil/ros2_ws_entrega/src/pacote_kil' returned '0': PYTHONPATH=/home/inteli_kil/ros2_ws_entrega/build/pacote_kil/prefix_override:/home/inteli_kil/ros2_ws_entrega/install/pacote_kil/lib/python3.10/site-packages:${PYTHONPATH} /usr/bin/python3 setup.py egg_info --egg-base ../../build/pacote_kil build --build-base /home/inteli_kil/ros2_ws_entrega/build/pacote_kil/build install --record /home/inteli_kil/ros2_ws_entrega/build/pacote_kil/install.log --single-version-externally-managed
