[0.790s] Invoking command in '/home/inteli_kil/ros2_ws_entrega/src/pacote_kil': PYTHONPATH=/home/inteli_kil/ros2_ws_entrega/build/pacote_kil/prefix_override:/home/inteli_kil/ros2_ws_entrega/install/pacote_kil/lib/python3.10/site-packages:${PYTHONPATH} /usr/bin/python3 setup.py egg_info --egg-base ../../build/pacote_kil build --build-base /home/inteli_kil/ros2_ws_entrega/build/pacote_kil/build install --record /home/inteli_kil/ros2_ws_entrega/build/pacote_kil/install.log --single-version-externally-managed
[0.965s] running egg_info
[0.965s] creating ../../build/pacote_kil/pacote_kil.egg-info
[0.965s] writing ../../build/pacote_kil/pacote_kil.egg-info/PKG-INFO
[0.965s] writing dependency_links to ../../build/pacote_kil/pacote_kil.egg-info/dependency_links.txt
[0.966s] writing entry points to ../../build/pacote_kil/pacote_kil.egg-info/entry_points.txt
[0.966s] writing requirements to ../../build/pacote_kil/pacote_kil.egg-info/requires.txt
[0.966s] writing top-level names to ../../build/pacote_kil/pacote_kil.egg-info/top_level.txt
[0.966s] writing manifest file '../../build/pacote_kil/pacote_kil.egg-info/SOURCES.txt'
[0.969s] reading manifest file '../../build/pacote_kil/pacote_kil.egg-info/SOURCES.txt'
[0.969s] writing manifest file '../../build/pacote_kil/pacote_kil.egg-info/SOURCES.txt'
[0.970s] running build
[0.970s] running build_py
[0.970s] creating /home/inteli_kil/ros2_ws_entrega/build/pacote_kil/build
[0.970s] creating /home/inteli_kil/ros2_ws_entrega/build/pacote_kil/build/lib
[0.970s] creating /home/inteli_kil/ros2_ws_entrega/build/pacote_kil/build/lib/pacote_kil
[0.971s] copying pacote_kil/__init__.py -> /home/inteli_kil/ros2_ws_entrega/build/pacote_kil/build/lib/pacote_kil
[0.971s] running install
[0.973s] /usr/lib/python3/dist-packages/setuptools/command/install.py:34: SetuptoolsDeprecationWarning: setup.py install is deprecated. Use build and pip and other standards-based tools.
[0.973s]   warnings.warn(
[0.973s] running install_lib
[0.975s] creating /home/inteli_kil/ros2_ws_entrega/install/pacote_kil/lib/python3.10/site-packages/pacote_kil
[0.975s] copying /home/inteli_kil/ros2_ws_entrega/build/pacote_kil/build/lib/pacote_kil/__init__.py -> /home/inteli_kil/ros2_ws_entrega/install/pacote_kil/lib/python3.10/site-packages/pacote_kil
[0.975s] byte-compiling /home/inteli_kil/ros2_ws_entrega/install/pacote_kil/lib/python3.10/site-packages/pacote_kil/__init__.py to __init__.cpython-310.pyc
[0.975s] running install_data
[0.977s] creating /home/inteli_kil/ros2_ws_entrega/install/pacote_kil/share/ament_index
[0.977s] creating /home/inteli_kil/ros2_ws_entrega/install/pacote_kil/share/ament_index/resource_index
[0.977s] creating /home/inteli_kil/ros2_ws_entrega/install/pacote_kil/share/ament_index/resource_index/packages
[0.977s] copying resource/pacote_kil -> /home/inteli_kil/ros2_ws_entrega/install/pacote_kil/share/ament_index/resource_index/packages
[0.977s] copying package.xml -> /home/inteli_kil/ros2_ws_entrega/install/pacote_kil/share/pacote_kil
[0.977s] running install_egg_info
[0.978s] Copying ../../build/pacote_kil/pacote_kil.egg-info to /home/inteli_kil/ros2_ws_entrega/install/pacote_kil/lib/python3.10/site-packages/pacote_kil-0.0.0-py3.10.egg-info
[0.978s] running install_scripts
[0.993s] Installing turtle script to /home/inteli_kil/ros2_ws_entrega/install/pacote_kil/lib/pacote_kil
[0.993s] writing list of installed files to '/home/inteli_kil/ros2_ws_entrega/build/pacote_kil/install.log'
[1.012s] Invoked command in '/home/inteli_kil/ros2_ws_entrega/src/pacote_kil' returned '0': PYTHONPATH=/home/inteli_kil/ros2_ws_entrega/build/pacote_kil/prefix_override:/home/inteli_kil/ros2_ws_entrega/install/pacote_kil/lib/python3.10/site-packages:${PYTHONPATH} /usr/bin/python3 setup.py egg_info --egg-base ../../build/pacote_kil build --build-base /home/inteli_kil/ros2_ws_entrega/build/pacote_kil/build install --record /home/inteli_kil/ros2_ws_entrega/build/pacote_kil/install.log --single-version-externally-managed
